<?xml version="1.0" encoding="UTF-8"?>
<!-- Generated by org.testng.reporters.JUnitXMLReporter -->
<testsuite ignored="0" hostname="BLR2-5CG1327HQ2" failures="0" tests="5" name="Default test" time="102.14" errors="0" timestamp="2023-04-20T20:44:20 IST">
  <testcase classname="happyFox_TestClass.Test_1_3" name="LogInTest" time="13.17"/>
  <testcase classname="happyFox_TestClass.Test_1_3" name="statusCreation" time="38.304"/>
  <testcase classname="happyFox_TestClass.Test_1_3" name="priorityCreation" time="5.455"/>
  <testcase classname="happyFox_TestClass.Test_1_3" name="priorityDelete" time="13.548"/>
  <testcase classname="happyFox_TestClass.Test_1_3" name="statusDelete" time="24.701"/>
</testsuite> <!-- Default test -->
