<?xml version="1.0" encoding="UTF-8"?>
<testng-results ignored="0" total="5" passed="5" failed="0" skipped="0">
  <reporter-output>
  </reporter-output>
  <suite started-at="2023-04-20T20:42:38 IST" name="Default suite" finished-at="2023-04-20T20:44:20 IST" duration-ms="102140">
    <groups>
    </groups>
    <test started-at="2023-04-20T20:42:38 IST" name="Default test" finished-at="2023-04-20T20:44:20 IST" duration-ms="102140">
      <class name="happyFox_TestClass.Test_1_3">
        <test-method is-config="true" signature="driver()[pri:0, instance:happyFox_TestClass.Test_1_3@29215f06]" started-at="2023-04-20T20:42:38 IST" name="driver" finished-at="2023-04-20T20:42:43 IST" duration-ms="5462" status="PASS">
          <reporter-output>
          </reporter-output>
        </test-method> <!-- driver -->
        <test-method is-config="true" signature="objInstance()[pri:0, instance:happyFox_TestClass.Test_1_3@29215f06]" started-at="2023-04-20T20:42:43 IST" name="objInstance" finished-at="2023-04-20T20:42:44 IST" duration-ms="56" status="PASS">
          <reporter-output>
          </reporter-output>
        </test-method> <!-- objInstance -->
        <test-method signature="LogInTest()[pri:1, instance:happyFox_TestClass.Test_1_3@29215f06]" started-at="2023-04-20T20:42:44 IST" name="LogInTest" finished-at="2023-04-20T20:42:57 IST" duration-ms="13170" status="PASS">
          <reporter-output>
          </reporter-output>
        </test-method> <!-- LogInTest -->
        <test-method signature="statusCreation()[pri:2, instance:happyFox_TestClass.Test_1_3@29215f06]" started-at="2023-04-20T20:42:57 IST" name="statusCreation" finished-at="2023-04-20T20:43:35 IST" duration-ms="38304" status="PASS">
          <reporter-output>
          </reporter-output>
        </test-method> <!-- statusCreation -->
        <test-method signature="priorityCreation()[pri:3, instance:happyFox_TestClass.Test_1_3@29215f06]" started-at="2023-04-20T20:43:36 IST" name="priorityCreation" finished-at="2023-04-20T20:43:41 IST" duration-ms="5455" status="PASS">
          <reporter-output>
          </reporter-output>
        </test-method> <!-- priorityCreation -->
        <test-method signature="priorityDelete()[pri:4, instance:happyFox_TestClass.Test_1_3@29215f06]" started-at="2023-04-20T20:43:41 IST" name="priorityDelete" finished-at="2023-04-20T20:43:55 IST" duration-ms="13548" status="PASS">
          <reporter-output>
          </reporter-output>
        </test-method> <!-- priorityDelete -->
        <test-method signature="statusDelete()[pri:5, instance:happyFox_TestClass.Test_1_3@29215f06]" started-at="2023-04-20T20:43:55 IST" name="statusDelete" finished-at="2023-04-20T20:44:20 IST" duration-ms="24701" status="PASS">
          <reporter-output>
          </reporter-output>
        </test-method> <!-- statusDelete -->
      </class> <!-- happyFox_TestClass.Test_1_3 -->
    </test> <!-- Default test -->
  </suite> <!-- Default suite -->
</testng-results>
